<?xml version="1.0" encoding="UTF-8"?>
<!-- Generated by org.testng.reporters.JUnitReportReporter -->
<testsuite skipped="0" hostname="nandoorath00170" name="Training.rediffMainTest" tests="2" failures="0" timestamp="14 Mar 2018 14:44:25 GMT" time="14.801" errors="0">
  <testcase name="loginNavigation" time="2.487" classname="Training.rediffMainTest"/>
  <testcase name="loginNavigation" time="12.314" classname="Training.rediffMainTest"/>
</testsuite> <!-- Training.rediffMainTest -->
