<?xml version="1.0" encoding="UTF-8"?>
<!-- Generated by org.testng.reporters.JUnitReportReporter -->
<testsuite skipped="1" hostname="nandoorath00170" name="Training.rediffLogoTest" tests="1" failures="0" timestamp="15 Mar 2018 13:16:16 GMT" time="0.000" errors="0">
  <testcase name="logoValidation" time="0.000" classname="Training.rediffLogoTest">
    <skipped/>
  </testcase> <!-- logoValidation -->
</testsuite> <!-- Training.rediffLogoTest -->
