<?xml version="1.0" encoding="UTF-8"?>
<!-- Generated by org.testng.reporters.JUnitReportReporter -->
<testsuite skipped="2" hostname="nandoorath00170" name="Training.rediffMainTest" tests="2" failures="0" timestamp="15 Mar 2018 13:16:16 GMT" time="0.000" errors="0">
  <testcase name="loginNavigation" time="0.000" classname="Training.rediffMainTest">
    <skipped/>
  </testcase> <!-- loginNavigation -->
  <testcase name="loginNavigation" time="0.000" classname="Training.rediffMainTest">
    <skipped/>
  </testcase> <!-- loginNavigation -->
</testsuite> <!-- Training.rediffMainTest -->
